bounds
x_0 >= 0
x_1 >= 0
x_2 >= 0
x_3 >= 0
x_4 >= 0
x_5 >= 0
x_6 >= 0
x_7 >= 0
x_8 >= 0
x_9 >= 0
x_10 >= 0
x_11 >= 0
min
1 x_0 + 0 x_1 + 1 x_2 + 1 x_3 + 1 x_4 + 0 x_5 + 1 x_6 + 1 x_7 + 1 x_8 + 1 x_9 + 1 x_10 + 1 x_11 + 
st
c[6] = 0.333333
c[7] = 0.333333
c[8] = 0.166667
c[9] = 0.166667
c[10] = 0.333333
c[11] = 0.333333
c[12] = 0.333333
c[0] x_0 + x_1 + x_2 +
c[1] x_3 + x_4 + x_5 +
c[2] x_6 + x_7 + x_8 +
c[3] x_9 + x_10 + x_11 +
c[4] x_0 + x_3 + x_6 + x_9 +
c[5] x_1 + x_4 + x_7 + x_10 +
c[6] x_2 + x_5 + x_8 + x_11 +
Solution status = Optimal
